<?xml version="1.0" encoding="UTF-8"?>
<testng-results ignored="0" total="1" passed="1" failed="0" skipped="0">
  <reporter-output>
  </reporter-output>
  <suite started-at="2024-08-29T03:12:54 EDT" name="Default suite" finished-at="2024-08-29T03:13:02 EDT" duration-ms="8078">
    <groups>
    </groups>
    <test started-at="2024-08-29T03:12:54 EDT" name="Default test" finished-at="2024-08-29T03:13:02 EDT" duration-ms="8078">
      <class name="com.Hybrid_Framework_Bootcamp_Q1_Tests.BRegisterTest">
        <test-method is-config="true" signature="setUp()[pri:0, instance:com.Hybrid_Framework_Bootcamp_Q1_Tests.BRegisterTest@3e27aa33]" started-at="2024-08-29T03:12:54 EDT" name="setUp" finished-at="2024-08-29T03:12:59 EDT" duration-ms="4515" status="PASS">
          <reporter-output>
          </reporter-output>
        </test-method> <!-- setUp -->
        <test-method signature="registerTNUsingCss()[pri:0, instance:com.Hybrid_Framework_Bootcamp_Q1_Tests.BRegisterTest@3e27aa33]" started-at="2024-08-29T03:12:59 EDT" name="registerTNUsingCss" finished-at="2024-08-29T03:13:02 EDT" duration-ms="3262" status="PASS">
          <reporter-output>
          </reporter-output>
        </test-method> <!-- registerTNUsingCss -->
        <test-method is-config="true" signature="tearDown()[pri:0, instance:com.Hybrid_Framework_Bootcamp_Q1_Tests.BRegisterTest@3e27aa33]" started-at="2024-08-29T03:13:02 EDT" name="tearDown" finished-at="2024-08-29T03:13:02 EDT" duration-ms="265" status="PASS">
          <reporter-output>
          </reporter-output>
        </test-method> <!-- tearDown -->
      </class> <!-- com.Hybrid_Framework_Bootcamp_Q1_Tests.BRegisterTest -->
    </test> <!-- Default test -->
  </suite> <!-- Default suite -->
</testng-results>
