<?xml version="1.0" encoding="UTF-8"?>
<testng-results ignored="0" total="1" passed="1" failed="0" skipped="0">
  <reporter-output>
  </reporter-output>
  <suite started-at="2024-08-26T21:11:35 EDT" name="Default suite" finished-at="2024-08-26T21:11:38 EDT" duration-ms="3636">
    <groups>
    </groups>
    <test started-at="2024-08-26T21:11:35 EDT" name="Default test" finished-at="2024-08-26T21:11:38 EDT" duration-ms="3636">
      <class name="com.thisisatest.Test1">
        <test-method is-config="true" signature="setup()[pri:0, instance:com.thisisatest.Test1@27a5328c]" started-at="2024-08-26T21:11:35 EDT" name="setup" finished-at="2024-08-26T21:11:37 EDT" duration-ms="2143" status="PASS">
          <reporter-output>
          </reporter-output>
        </test-method> <!-- setup -->
        <test-method signature="searchGoogle()[pri:0, instance:com.thisisatest.Test1@27a5328c]" started-at="2024-08-26T21:11:37 EDT" name="searchGoogle" finished-at="2024-08-26T21:11:38 EDT" duration-ms="1264" status="PASS">
          <reporter-output>
          </reporter-output>
        </test-method> <!-- searchGoogle -->
        <test-method is-config="true" signature="teardown()[pri:0, instance:com.thisisatest.Test1@27a5328c]" started-at="2024-08-26T21:11:38 EDT" name="teardown" finished-at="2024-08-26T21:11:38 EDT" duration-ms="172" status="PASS">
          <reporter-output>
          </reporter-output>
        </test-method> <!-- teardown -->
      </class> <!-- com.thisisatest.Test1 -->
    </test> <!-- Default test -->
  </suite> <!-- Default suite -->
</testng-results>
